app/build/intermediates/manifest_merge_blame_file/debug/processDebugMainManifest/manifest-merger-blame-debug-report.txt
1<?xml version="1.0" encoding="utf-8"?>
2<manifest xmlns:android="http://schemas.android.com/apk/res/android"
3    package="com.hardcopy.retrowatch"
4    android:versionCode="9"
5    android:versionName="1.2.0" >
6
7    <uses-sdk
8        android:minSdkVersion="23"
9        android:targetSdkVersion="35" />
10
11    <!-- Bluetooth Permissions -->
12    <!-- Legacy Bluetooth permissions -->
13    <uses-permission
13-->src\main\AndroidManifest.xml:7:5-8:38
14        android:name="android.permission.BLUETOOTH"
14-->src\main\AndroidManifest.xml:7:22-65
15        android:maxSdkVersion="30" />
15-->src\main\AndroidManifest.xml:8:9-35
16    <uses-permission
16-->src\main\AndroidManifest.xml:9:5-10:38
17        android:name="android.permission.BLUETOOTH_ADMIN"
17-->src\main\AndroidManifest.xml:9:22-71
18        android:maxSdkVersion="30" />
18-->src\main\AndroidManifest.xml:10:9-35
19
20    <!-- New Bluetooth permissions for Android 12+ -->
21    <uses-permission android:name="android.permission.BLUETOOTH_CONNECT" />
21-->src\main\AndroidManifest.xml:13:5-76
21-->src\main\AndroidManifest.xml:13:22-73
22    <uses-permission
22-->src\main\AndroidManifest.xml:14:5-15:58
23        android:name="android.permission.BLUETOOTH_SCAN"
23-->src\main\AndroidManifest.xml:14:22-70
24        android:usesPermissionFlags="neverForLocation" />
24-->src\main\AndroidManifest.xml:15:9-55
25
26    <!-- Location needed for scanning on Android 6-11 -->
27    <uses-permission
27-->src\main\AndroidManifest.xml:18:5-19:38
28        android:name="android.permission.ACCESS_FINE_LOCATION"
28-->src\main\AndroidManifest.xml:18:22-76
29        android:maxSdkVersion="30" />
29-->src\main\AndroidManifest.xml:19:9-35
30    <uses-permission
30-->src\main\AndroidManifest.xml:20:5-21:38
31        android:name="android.permission.ACCESS_COARSE_LOCATION"
31-->src\main\AndroidManifest.xml:20:22-78
32        android:maxSdkVersion="30" />
32-->src\main\AndroidManifest.xml:21:9-35
33
34    <!-- Foreground Service permissions for Android 9+ -->
35    <uses-permission android:name="android.permission.FOREGROUND_SERVICE" />
35-->src\main\AndroidManifest.xml:24:5-77
35-->src\main\AndroidManifest.xml:24:22-74
36
37    <!-- Foreground Service type for Android 14+ -->
38    <uses-permission android:name="android.permission.FOREGROUND_SERVICE_CONNECTED_DEVICE" />
38-->src\main\AndroidManifest.xml:27:5-94
38-->src\main\AndroidManifest.xml:27:22-91
39
40    <!-- Exact Alarm permission for Android 13+ (for service monitoring) -->
41    <uses-permission android:name="android.permission.SCHEDULE_EXACT_ALARM" />
41-->src\main\AndroidManifest.xml:30:5-79
41-->src\main\AndroidManifest.xml:30:22-76
42
43    <!-- Other permissions -->
44    <uses-permission android:name="android.permission.GET_ACCOUNTS" />
44-->src\main\AndroidManifest.xml:33:5-71
44-->src\main\AndroidManifest.xml:33:22-68
45    <uses-permission android:name="com.google.android.gm.permission.READ_CONTENT_PROVIDER" />
45-->src\main\AndroidManifest.xml:34:5-93
45-->src\main\AndroidManifest.xml:34:22-91
46    <uses-permission android:name="android.permission.RECEIVE_SMS" />
46-->src\main\AndroidManifest.xml:35:5-70
46-->src\main\AndroidManifest.xml:35:22-67
47    <uses-permission android:name="android.permission.READ_PHONE_STATE" />
47-->src\main\AndroidManifest.xml:36:5-75
47-->src\main\AndroidManifest.xml:36:22-72
48    <uses-permission android:name="android.permission.INTERNET" />
48-->src\main\AndroidManifest.xml:37:5-67
48-->src\main\AndroidManifest.xml:37:22-64
49    <uses-permission android:name="android.permission.ACCESS_WIFI_STATE" />
49-->src\main\AndroidManifest.xml:38:5-76
49-->src\main\AndroidManifest.xml:38:22-73
50    <uses-permission android:name="android.permission.POST_NOTIFICATIONS" />
50-->src\main\AndroidManifest.xml:39:5-77
50-->src\main\AndroidManifest.xml:39:22-74
51    <uses-permission android:name="android.permission.WAKE_LOCK" />
51-->src\main\AndroidManifest.xml:40:5-68
51-->src\main\AndroidManifest.xml:40:22-65
52
53    <permission
53-->[androidx.core:core:1.13.1] AndroidManifest.xml:22:5-24:47
54        android:name="com.hardcopy.retrowatch.DYNAMIC_RECEIVER_NOT_EXPORTED_PERMISSION"
54-->[androidx.core:core:1.13.1] AndroidManifest.xml:23:9-81
55        android:protectionLevel="signature" />
55-->[androidx.core:core:1.13.1] AndroidManifest.xml:24:9-44
56
57    <uses-permission android:name="com.hardcopy.retrowatch.DYNAMIC_RECEIVER_NOT_EXPORTED_PERMISSION" />
57-->[androidx.core:core:1.13.1] AndroidManifest.xml:26:5-97
57-->[androidx.core:core:1.13.1] AndroidManifest.xml:26:22-94
58
59    <application
59-->src\main\AndroidManifest.xml:42:5-99:19
60        android:allowBackup="true"
60-->src\main\AndroidManifest.xml:43:9-35
61        android:appComponentFactory="androidx.core.app.CoreComponentFactory"
61-->[androidx.core:core:1.13.1] AndroidManifest.xml:28:18-86
62        android:dataExtractionRules="@xml/data_extraction_rules"
62-->src\main\AndroidManifest.xml:44:9-65
63        android:debuggable="true"
64        android:enableOnBackInvokedCallback="true"
64-->src\main\AndroidManifest.xml:49:9-51
65        android:extractNativeLibs="false"
66        android:fullBackupContent="@xml/backup_rules"
66-->src\main\AndroidManifest.xml:45:9-54
67        android:icon="@drawable/ic_launcher"
67-->src\main\AndroidManifest.xml:46:9-45
68        android:label="@string/app_name"
68-->src\main\AndroidManifest.xml:47:9-41
69        android:theme="@style/AppTheme" >
69-->src\main\AndroidManifest.xml:48:9-40
70
71        <!-- Activity -->
72        <activity
72-->src\main\AndroidManifest.xml:53:9-63:20
73            android:name="com.hardcopy.retrowatch.RetroWatchActivity"
73-->src\main\AndroidManifest.xml:54:13-47
74            android:configChanges="keyboardHidden|orientation|screenSize"
74-->src\main\AndroidManifest.xml:57:13-74
75            android:exported="true"
75-->src\main\AndroidManifest.xml:58:13-36
76            android:label="@string/app_name"
76-->src\main\AndroidManifest.xml:55:13-45
77            android:launchMode="singleTask" >
77-->src\main\AndroidManifest.xml:56:13-44
78            <intent-filter>
78-->src\main\AndroidManifest.xml:59:13-62:29
79                <action android:name="android.intent.action.MAIN" />
79-->src\main\AndroidManifest.xml:60:17-69
79-->src\main\AndroidManifest.xml:60:25-66
80
81                <category android:name="android.intent.category.LAUNCHER" />
81-->src\main\AndroidManifest.xml:61:17-77
81-->src\main\AndroidManifest.xml:61:27-74
82            </intent-filter>
83        </activity>
84        <activity
84-->src\main\AndroidManifest.xml:65:9-70:20
85            android:name="com.hardcopy.retrowatch.DeviceListActivity"
85-->src\main\AndroidManifest.xml:65:19-53
86            android:configChanges="keyboardHidden|orientation|screenSize"
86-->src\main\AndroidManifest.xml:68:19-80
87            android:exported="false"
87-->src\main\AndroidManifest.xml:69:19-43
88            android:label="@string/select_device"
88-->src\main\AndroidManifest.xml:66:19-56
89            android:theme="@android:style/Theme.Dialog" >
89-->src\main\AndroidManifest.xml:67:19-62
90        </activity>
91        <activity
91-->src\main\AndroidManifest.xml:72:9-78:20
92            android:name="com.hardcopy.retrowatch.RetroWebViewActivity"
92-->src\main\AndroidManifest.xml:73:13-49
93            android:configChanges="keyboardHidden|orientation|screenSize"
93-->src\main\AndroidManifest.xml:76:13-74
94            android:exported="false"
94-->src\main\AndroidManifest.xml:77:13-37
95            android:label="@string/web_view_name"
95-->src\main\AndroidManifest.xml:74:13-50
96            android:launchMode="singleTask" >
96-->src\main\AndroidManifest.xml:75:13-44
97        </activity>
98
99        <!-- Service -->
100        <service
100-->src\main\AndroidManifest.xml:81:9-88:19
101            android:name="com.hardcopy.retrowatch.service.RetroWatchService"
101-->src\main\AndroidManifest.xml:82:13-55
102            android:configChanges="keyboardHidden|orientation|screenSize"
102-->src\main\AndroidManifest.xml:85:13-74
103            android:exported="false"
103-->src\main\AndroidManifest.xml:86:13-37
104            android:foregroundServiceType="connectedDevice"
104-->src\main\AndroidManifest.xml:87:13-60
105            android:icon="@drawable/ic_launcher"
105-->src\main\AndroidManifest.xml:83:13-49
106            android:label="@string/service_name" >
106-->src\main\AndroidManifest.xml:84:13-50
107        </service>
108        <service
108-->src\main\AndroidManifest.xml:90:9-97:19
109            android:name="com.hardcopy.retrowatch.service.NotificationReceiverService"
109-->src\main\AndroidManifest.xml:90:18-69
110            android:exported="true"
110-->src\main\AndroidManifest.xml:93:13-36
111            android:label="@string/noti_receiver_name"
111-->src\main\AndroidManifest.xml:91:13-55
112            android:permission="android.permission.BIND_NOTIFICATION_LISTENER_SERVICE" >
112-->src\main\AndroidManifest.xml:92:13-87
113            <intent-filter>
113-->src\main\AndroidManifest.xml:94:13-96:29
114                <action android:name="android.service.notification.NotificationListenerService" />
114-->src\main\AndroidManifest.xml:95:17-99
114-->src\main\AndroidManifest.xml:95:25-96
115            </intent-filter>
116        </service>
117
118        <provider
118-->[androidx.emoji2:emoji2:1.2.0] AndroidManifest.xml:24:9-32:20
119            android:name="androidx.startup.InitializationProvider"
119-->[androidx.emoji2:emoji2:1.2.0] AndroidManifest.xml:25:13-67
120            android:authorities="com.hardcopy.retrowatch.androidx-startup"
120-->[androidx.emoji2:emoji2:1.2.0] AndroidManifest.xml:26:13-68
121            android:exported="false" >
121-->[androidx.emoji2:emoji2:1.2.0] AndroidManifest.xml:27:13-37
122            <meta-data
122-->[androidx.emoji2:emoji2:1.2.0] AndroidManifest.xml:29:13-31:52
123                android:name="androidx.emoji2.text.EmojiCompatInitializer"
123-->[androidx.emoji2:emoji2:1.2.0] AndroidManifest.xml:30:17-75
124                android:value="androidx.startup" />
124-->[androidx.emoji2:emoji2:1.2.0] AndroidManifest.xml:31:17-49
125            <meta-data
125-->[androidx.lifecycle:lifecycle-process:2.6.2] AndroidManifest.xml:29:13-31:52
126                android:name="androidx.lifecycle.ProcessLifecycleInitializer"
126-->[androidx.lifecycle:lifecycle-process:2.6.2] AndroidManifest.xml:30:17-78
127                android:value="androidx.startup" />
127-->[androidx.lifecycle:lifecycle-process:2.6.2] AndroidManifest.xml:31:17-49
128            <meta-data
128-->[androidx.profileinstaller:profileinstaller:1.3.0] AndroidManifest.xml:29:13-31:52
129                android:name="androidx.profileinstaller.ProfileInstallerInitializer"
129-->[androidx.profileinstaller:profileinstaller:1.3.0] AndroidManifest.xml:30:17-85
130                android:value="androidx.startup" />
130-->[androidx.profileinstaller:profileinstaller:1.3.0] AndroidManifest.xml:31:17-49
131        </provider>
132
133        <receiver
133-->[androidx.profileinstaller:profileinstaller:1.3.0] AndroidManifest.xml:34:9-52:20
134            android:name="androidx.profileinstaller.ProfileInstallReceiver"
134-->[androidx.profileinstaller:profileinstaller:1.3.0] AndroidManifest.xml:35:13-76
135            android:directBootAware="false"
135-->[androidx.profileinstaller:profileinstaller:1.3.0] AndroidManifest.xml:36:13-44
136            android:enabled="true"
136-->[androidx.profileinstaller:profileinstaller:1.3.0] AndroidManifest.xml:37:13-35
137            android:exported="true"
137-->[androidx.profileinstaller:profileinstaller:1.3.0] AndroidManifest.xml:38:13-36
138            android:permission="android.permission.DUMP" >
138-->[androidx.profileinstaller:profileinstaller:1.3.0] AndroidManifest.xml:39:13-57
139            <intent-filter>
139-->[androidx.profileinstaller:profileinstaller:1.3.0] AndroidManifest.xml:40:13-42:29
140                <action android:name="androidx.profileinstaller.action.INSTALL_PROFILE" />
140-->[androidx.profileinstaller:profileinstaller:1.3.0] AndroidManifest.xml:41:17-91
140-->[androidx.profileinstaller:profileinstaller:1.3.0] AndroidManifest.xml:41:25-88
141            </intent-filter>
142            <intent-filter>
142-->[androidx.profileinstaller:profileinstaller:1.3.0] AndroidManifest.xml:43:13-45:29
143                <action android:name="androidx.profileinstaller.action.SKIP_FILE" />
143-->[androidx.profileinstaller:profileinstaller:1.3.0] AndroidManifest.xml:44:17-85
143-->[androidx.profileinstaller:profileinstaller:1.3.0] AndroidManifest.xml:44:25-82
144            </intent-filter>
145            <intent-filter>
145-->[androidx.profileinstaller:profileinstaller:1.3.0] AndroidManifest.xml:46:13-48:29
146                <action android:name="androidx.profileinstaller.action.SAVE_PROFILE" />
146-->[androidx.profileinstaller:profileinstaller:1.3.0] AndroidManifest.xml:47:17-88
146-->[androidx.profileinstaller:profileinstaller:1.3.0] AndroidManifest.xml:47:25-85
147            </intent-filter>
148            <intent-filter>
148-->[androidx.profileinstaller:profileinstaller:1.3.0] AndroidManifest.xml:49:13-51:29
149                <action android:name="androidx.profileinstaller.action.BENCHMARK_OPERATION" />
149-->[androidx.profileinstaller:profileinstaller:1.3.0] AndroidManifest.xml:50:17-95
149-->[androidx.profileinstaller:profileinstaller:1.3.0] AndroidManifest.xml:50:25-92
150            </intent-filter>
151        </receiver>
152    </application>
153
154</manifest>